# JRE version: OpenJDK Runtime Environment (8.0_392-b08) (build 1.8.0_392-b08)
# Java VM: OpenJDK 64-Bit Server VM (25.392-b08 mixed mode linux-amd64 compressed oops)
Heap:
 PSYoungGen      total 437760K, used 219136K [0x00000000d7f00000, 0x0000000100000000, 0x0000000100000000)
  eden space 219136K, 100% used [0x00000000d7f00000,0x00000000e5500000,0x00000000e5500000)
  from space 218624K, 0% used [0x00000000f2a80000,0x00000000f2a80000,0x0000000100000000)
  to   space 218624K, 0% used [0x00000000e5500000,0x00000000e5500000,0x00000000f2a80000)
 ParOldGen       total 1313792K, used 1309426K [0x0000000087c00000, 0x00000000d7f00000, 0x00000000d7f00000)
  object space 1313792K, 99% used [0x0000000087c00000,0x00000000d7abca40,0x00000000d7f00000)
 Metaspace       used 39872K, capacity 40768K, committed 41176K, reserved 1085440K
  class space    used 4819K, capacity 5006K, committed 5120K, reserved 1048576K
GC Heap History (10 events):
Event: 1520.802 GC heap before
{Heap before GC invocations=344 (full 121):
 PSYoungGen      total 437760K, used 219136K [0x00000000d7f00000, 0x0000000100000000, 0x0000000100000000)
  eden space 219136K, 100% used [0x00000000d7f00000,0x00000000e5500000,0x00000000e5500000)
  from space 218624K, 0% used [0x00000000f2a80000,0x00000000f2a80000,0x0000000100000000)
  to   space 218624K, 0% used [0x00000000e5500000,0x00000000e5500000,0x00000000f2a80000)
 ParOldGen       total 1313792K, used 1313567K [0x0000000087c00000, 0x00000000d7f00000, 0x00000000d7f00000)
  object space 1313792K, 99% used [0x0000000087c00000,0x00000000d7ec7ef8,0x00000000d7f00000)
 Metaspace       used 39872K, capacity 40768K, committed 41176K, reserved 1085440K
  class space    used 4819K, capacity 5006K, committed 5120K, reserved 1048576K
Event: 1521.002 GC heap after
Heap after GC invocations=344 (full 121):
 PSYoungGen      total 437760K, used 219132K [0x00000000d7f00000, 0x0000000100000000, 0x0000000100000000)
  eden space 219136K, 99% used [0x00000000d7f00000,0x00000000e54ff290,0x00000000e5500000)
  from space 218624K, 0% used [0x00000000f2a80000,0x00000000f2a80000,0x0000000100000000)
  to   space 218624K, 0% used [0x00000000e5500000,0x00000000e5500000,0x00000000f2a80000)
 ParOldGen       total 1313792K, used 1313567K [0x0000000087c00000, 0x00000000d7f00000, 0x00000000d7f00000)
  object space 1313792K, 99% used [0x0000000087c00000,0x00000000d7ec7ce8,0x00000000d7f00000)
 Metaspace       used 39872K, capacity 40768K, committed 41176K, reserved 1085440K
  class space    used 4819K, capacity 5006K, committed 5120K, reserved 1048576K
}
Event: 1521.002 GC heap before
{Heap before GC invocations=345 (full 122):
 PSYoungGen      total 437760K, used 219136K [0x00000000d7f00000, 0x0000000100000000, 0x0000000100000000)
  eden space 219136K, 100% used [0x00000000d7f00000,0x00000000e5500000,0x00000000e5500000)
  from space 218624K, 0% used [0x00000000f2a80000,0x00000000f2a80000,0x0000000100000000)
  to   space 218624K, 0% used [0x00000000e5500000,0x00000000e5500000,0x00000000f2a80000)
 ParOldGen       total 1313792K, used 1313567K [0x0000000087c00000, 0x00000000d7f00000, 0x00000000d7f00000)
  object space 1313792K, 99% used [0x0000000087c00000,0x00000000d7ec7ce8,0x00000000d7f00000)
 Metaspace       used 39872K, capacity 40768K, committed 41176K, reserved 1085440K
  class space    used 4819K, capacity 5006K, committed 5120K, reserved 1048576K
Event: 1521.204 GC heap after
Heap after GC invocations=345 (full 122):
 PSYoungGen      total 437760K, used 219132K [0x00000000d7f00000, 0x0000000100000000, 0x0000000100000000)
  eden space 219136K, 99% used [0x00000000d7f00000,0x00000000e54ff298,0x00000000e5500000)
  from space 218624K, 0% used [0x00000000f2a80000,0x00000000f2a80000,0x0000000100000000)
  to   space 218624K, 0% used [0x00000000e5500000,0x00000000e5500000,0x00000000f2a80000)
 ParOldGen       total 1313792K, used 1313567K [0x0000000087c00000, 0x00000000d7f00000, 0x00000000d7f00000)
  object space 1313792K, 99% used [0x0000000087c00000,0x00000000d7ec7c98,0x00000000d7f00000)
 Metaspace       used 39872K, capacity 40768K, committed 41176K, reserved 1085440K
  class space    used 4819K, capacity 5006K, committed 5120K, reserved 1048576K
}
Event: 1521.205 GC heap before
{Heap before GC invocations=346 (full 123):
 PSYoungGen      total 437760K, used 219136K [0x00000000d7f00000, 0x0000000100000000, 0x0000000100000000)
  eden space 219136K, 100% used [0x00000000d7f00000,0x00000000e5500000,0x00000000e5500000)
  from space 218624K, 0% used [0x00000000f2a80000,0x00000000f2a80000,0x0000000100000000)
  to   space 218624K, 0% used [0x00000000e5500000,0x00000000e5500000,0x00000000f2a80000)
 ParOldGen       total 1313792K, used 1313567K [0x0000000087c00000, 0x00000000d7f00000, 0x00000000d7f00000)
  object space 1313792K, 99% used [0x0000000087c00000,0x00000000d7ec7c98,0x00000000d7f00000)
 Metaspace       used 39872K, capacity 40768K, committed 41176K, reserved 1085440K
  class space    used 4819K, capacity 5006K, committed 5120K, reserved 1048576K
Event: 1521.413 GC heap after
Heap after GC invocations=346 (full 123):
 PSYoungGen      total 437760K, used 219133K [0x00000000d7f00000, 0x0000000100000000, 0x0000000100000000)
  eden space 219136K, 99% used [0x00000000d7f00000,0x00000000e54ff5f0,0x00000000e5500000)
  from space 218624K, 0% used [0x00000000f2a80000,0x00000000f2a80000,0x0000000100000000)
  to   space 218624K, 0% used [0x00000000e5500000,0x00000000e5500000,0x00000000f2a80000)
 ParOldGen       total 1313792K, used 1313567K [0x0000000087c00000, 0x00000000d7f00000, 0x00000000d7f00000)
  object space 1313792K, 99% used [0x0000000087c00000,0x00000000d7ec7c98,0x00000000d7f00000)
 Metaspace       used 39872K, capacity 40768K, committed 41176K, reserved 1085440K
  class space    used 4819K, capacity 5006K, committed 5120K, reserved 1048576K
}
Event: 1521.413 GC heap before
{Heap before GC invocations=347 (full 124):
 PSYoungGen      total 437760K, used 219136K [0x00000000d7f00000, 0x0000000100000000, 0x0000000100000000)
  eden space 219136K, 100% used [0x00000000d7f00000,0x00000000e5500000,0x00000000e5500000)
  from space 218624K, 0% used [0x00000000f2a80000,0x00000000f2a80000,0x0000000100000000)
  to   space 218624K, 0% used [0x00000000e5500000,0x00000000e5500000,0x00000000f2a80000)
 ParOldGen       total 1313792K, used 1313567K [0x0000000087c00000, 0x00000000d7f00000, 0x00000000d7f00000)
  object space 1313792K, 99% used [0x0000000087c00000,0x00000000d7ec7c98,0x00000000d7f00000)
 Metaspace       used 39872K, capacity 40768K, committed 41176K, reserved 1085440K
  class space    used 4819K, capacity 5006K, committed 5120K, reserved 1048576K
Event: 1521.635 GC heap after
Heap after GC invocations=347 (full 124):
 PSYoungGen      total 437760K, used 219132K [0x00000000d7f00000, 0x0000000100000000, 0x0000000100000000)
  eden space 219136K, 99% used [0x00000000d7f00000,0x00000000e54ff268,0x00000000e5500000)
  from space 218624K, 0% used [0x00000000f2a80000,0x00000000f2a80000,0x0000000100000000)
  to   space 218624K, 0% used [0x00000000e5500000,0x00000000e5500000,0x00000000f2a80000)
 ParOldGen       total 1313792K, used 1313567K [0x0000000087c00000, 0x00000000d7f00000, 0x00000000d7f00000)
  object space 1313792K, 99% used [0x0000000087c00000,0x00000000d7ec7c98,0x00000000d7f00000)
 Metaspace       used 39872K, capacity 40768K, committed 41176K, reserved 1085440K
  class space    used 4819K, capacity 5006K, committed 5120K, reserved 1048576K
}
Event: 1521.636 GC heap before
{Heap before GC invocations=348 (full 125):
 PSYoungGen      total 437760K, used 219136K [0x00000000d7f00000, 0x0000000100000000, 0x0000000100000000)
  eden space 219136K, 100% used [0x00000000d7f00000,0x00000000e5500000,0x00000000e5500000)
  from space 218624K, 0% used [0x00000000f2a80000,0x00000000f2a80000,0x0000000100000000)
  to   space 218624K, 0% used [0x00000000e5500000,0x00000000e5500000,0x00000000f2a80000)
 ParOldGen       total 1313792K, used 1313567K [0x0000000087c00000, 0x00000000d7f00000, 0x00000000d7f00000)
  object space 1313792K, 99% used [0x0000000087c00000,0x00000000d7ec7c98,0x00000000d7f00000)
 Metaspace       used 39872K, capacity 40768K, committed 41176K, reserved 1085440K
  class space    used 4819K, capacity 5006K, committed 5120K, reserved 1048576K
Event: 1521.990 GC heap after
Heap after GC invocations=348 (full 125):
 PSYoungGen      total 437760K, used 219132K [0x00000000d7f00000, 0x0000000100000000, 0x0000000100000000)
  eden space 219136K, 99% used [0x00000000d7f00000,0x00000000e54ff2c0,0x00000000e5500000)
  from space 218624K, 0% used [0x00000000f2a80000,0x00000000f2a80000,0x0000000100000000)
  to   space 218624K, 0% used [0x00000000e5500000,0x00000000e5500000,0x00000000f2a80000)
 ParOldGen       total 1313792K, used 1309420K [0x0000000087c00000, 0x00000000d7f00000, 0x00000000d7f00000)
  object space 1313792K, 99% used [0x0000000087c00000,0x00000000d7abb230,0x00000000d7f00000)
 Metaspace       used 39872K, capacity 40768K, committed 41176K, reserved 1085440K
  class space    used 4819K, capacity 5006K, committed 5120K, reserved 1048576K
}

